2024-10-30 09:07:18 [main] INFO  : Starting UserManagementApplication using Java 23.0.1 with PID 17024 (D:\practice\Applications\usermanagementservice\target\classes started by srini in D:\practice\Applications\usermanagementservice)
2024-10-30 09:07:18 [main] INFO  : No active profile set, falling back to 1 default profile: "default"
2024-10-30 09:07:19 [main] INFO  : Bootstrapping Spring Data JPA repositories in DEFAULT mode.
2024-10-30 09:07:19 [main] INFO  : Finished Spring Data repository scanning in 112 ms. Found 1 JPA repository interfaces.
2024-10-30 09:07:21 [main] INFO  : Tomcat initialized with port(s): 8080 (http)
2024-10-30 09:07:21 [main] INFO  : Initializing ProtocolHandler ["http-nio-8080"]
2024-10-30 09:07:21 [main] INFO  : Starting service [Tomcat]
2024-10-30 09:07:21 [main] INFO  : Starting Servlet engine: [Apache Tomcat/10.1.15]
2024-10-30 09:07:21 [main] INFO  : Initializing Spring embedded WebApplicationContext
2024-10-30 09:07:21 [main] INFO  : Root WebApplicationContext: initialization completed in 3091 ms
2024-10-30 09:07:21 [main] INFO  : HHH000204: Processing PersistenceUnitInfo [name: default]
2024-10-30 09:07:21 [main] INFO  : HHH000412: Hibernate ORM core version 6.2.13.Final
2024-10-30 09:07:21 [main] INFO  : HHH000406: Using bytecode reflection optimizer
2024-10-30 09:07:22 [main] INFO  : No LoadTimeWeaver setup: ignoring JPA class transformer
2024-10-30 09:07:22 [main] INFO  : HikariPool-1 - Starting...
2024-10-30 09:07:23 [main] INFO  : HikariPool-1 - Added connection com.mysql.cj.jdbc.ConnectionImpl@5af40e45
2024-10-30 09:07:23 [main] INFO  : HikariPool-1 - Start completed.
2024-10-30 09:07:23 [main] WARN  : HHH90000025: MySQLDialect does not need to be specified explicitly using 'hibernate.dialect' (remove the property setting and it will be selected by default)
2024-10-30 09:07:25 [main] INFO  : HHH000489: No JTA platform available (set 'hibernate.transaction.jta.platform' to enable JTA platform integration)
2024-10-30 09:07:25 [main] INFO  : Initialized JPA EntityManagerFactory for persistence unit 'default'
2024-10-30 09:07:26 [main] INFO  : Hibernate is in classpath; If applicable, HQL parser will be used.
2024-10-30 09:07:26 [main] WARN  : spring.jpa.open-in-view is enabled by default. Therefore, database queries may be performed during view rendering. Explicitly configure spring.jpa.open-in-view to disable this warning
2024-10-30 09:07:27 [main] INFO  : Starting ProtocolHandler ["http-nio-8080"]
2024-10-30 09:07:27 [main] INFO  : Tomcat started on port(s): 8080 (http) with context path ''
2024-10-30 09:07:27 [main] INFO  : Started UserManagementApplication in 10.296 seconds (process running for 12.347)
2024-10-30 09:07:48 [http-nio-8080-exec-1] INFO  : Initializing Spring DispatcherServlet 'dispatcherServlet'
2024-10-30 09:07:48 [http-nio-8080-exec-1] INFO  : Initializing Servlet 'dispatcherServlet'
2024-10-30 09:07:48 [http-nio-8080-exec-1] INFO  : Completed initialization in 2 ms
2024-10-30 09:07:48 [http-nio-8080-exec-1] INFO  : save tracker details
